201904
/LiveRecord/KaguraMea/201904

04.26 19:00 【夸哥B限withMea】 B站弹幕附
/LiveRecord/MinatoAqua/201904/20190426_1900

04.24 23:28 【突击读空气】 B站弹幕附
/LiveRecord/KaguraMea/201904/20190424_2328

04.24 21:00 【30WB限】 B站弹幕附
/LiveRecord/KaguraMea/201904/20190424_2100

04.24 05:45 【T99+Splatoon+你开车像阿夸+麻将】 B站弹幕附
/LiveRecord/KaguraMea/201904/20190424_0545

04.19 19:00 【めあくあPUBG夸哥视角】 B站弹幕附
/LiveRecord/KaguraMea/201904/20190419_1900
04.19 19:00 【めあくあPUBG庄司视角】
/LiveRecord/MinatoAqua/201904/20190419_1900

04.18 14:24 【突击放卫星+唱歌+sv】 B站弹幕附
/LiveRecord/KaguraMea/201904/20190418_1424

04.16 15:50 【唱歌】 B站弹幕附
/LiveRecord/KaguraMea/201904/20190416_1550

04.16 14:20 【突击麻将】 B站弹幕附
/LiveRecord/KaguraMea/201904/20190416_1420

04.15 21:20 【突击】 B站弹幕附
/LiveRecord/KaguraMea/201904/20190415_2120

#04.14 22:00 【涵一乐线下活动感想相关】 感谢5ec1cff录制
#/LiveRecord/LeyiHan/20190414_2245
#04.15 20:00 【乐一涵线下活动repo】 B站弹幕附
#/LiveRecord/LeyiHan/20190415_2000

04.10 18:00 【REALITY联动】 B站弹幕附
/LiveRecord/KaguraMea/201904/20190410_1800

04.09 10:10 【突击PUBG】
/LiveRecord/KaguraMea/201904/20190409_1010

04.06 02:10 【安定的半夜突击】 B站弹幕附
/LiveRecord/KaguraMea/201904/20190406_0210

04.04 02:35 【半夜突击】 B站弹幕附
/LiveRecord/KaguraMea/201904/20190404_0235

04.03 20:37 【6万纪念预告突击】 B站弹幕附
/LiveRecord/KaguraMea/201904/20190403_2037


201903
/LiveRecord/KaguraMea/201903

03.31 22:55 【突击】 B站弹幕附
/LiveRecord/KaguraMea/201904/20190401_2255

03.31 15:15 【突击歌回1h21min(B源)1h29min(油管源)月兔】 B站弹幕附
/LiveRecord/KaguraMea/201903/20190331_1515

03.31 02:45 【被夸哥咕咕咕】  B站弹幕附
/LiveRecord/KaguraMea/201903/20190331_0245

03.30 12:00 【B限歌回】  B站弹幕附
/LiveRecord/MinatoAqua/201903/20190330_1200
03.30 13:00 【B限游戏】  B站弹幕附
/LiveRecord/KaguraMea/201903/20190330_1300

03.29 06:00 【突击杂谈+歌回】 B站弹幕附
/LiveRecord/KaguraMea/201903/20190329_0600

03.25 23:30 【突击B限定歌回】 B站弹幕附
/LiveRecord/KaguraMea/201903/20190325_2330

03.25 21:46 【突击杂谈】 B站弹幕附
/LiveRecord/KaguraMea/201903/20190325_2146

03.23 22:00 【B限歌回后一小时】
/LiveRecord/KaguraMea/201903/20190323_2200
03.23 21:00 【B限歌回前一小时】 B站弹幕附
/LiveRecord/KaguraMea/201903/20190323_2100

03.23 18:24 【突击弹琴杂谈】 B站弹幕附
/LiveRecord/KaguraMea/201903/20190323_1824

03.22 19:50 【DWU直播间突击连麦5分钟】
/LiveRecord/KaguraMea/201903/20190322_1950

03.21 19:00 【5w庆祝】 B站弹幕附
/LiveRecord/KaguraMea/201903/20190321_1900

03.17 18:00 【极限Tetris大会】 B站弹幕附
/LiveRecord/KaguraMea/201903/20190317_1800

03.15 18:25 【B站限定歌回录播】 B站弹幕附
/LiveRecord/KaguraMea/201903/20190315_1825

03.14 07:50 【早晨突击】
/LiveRecord/KaguraMea/201903/20190314_0750

03.09 19:00 【对拆腻子特攻神楽あくあ】 B站弹幕附
/LiveRecord/KaguraMea/201903/20190309_1900

03.08 19:55 【meaquaAPEX】 B站弹幕附
/LiveRecord/KaguraMea/201903/20190308_1955

03.03 08:30 【上午tetris】 B站弹幕附
/LiveRecord/KaguraMea/201903/20190303_0830

03.02 20:00 【公告回】 B站弹幕附
/LiveRecord/KaguraMea/201903/20190302_2000


201902
/LiveRecord/KaguraMea/201902
02.27 【tetris】 【３０分】私は今日からテトリスの女神になります
02.22 【tetris+歌】 作業用BGMの女の放送
02.20 【P妈MC联动】 ぱりいさんとぱりぷろ鯖きたから建築物こわしてみたー！！！
02.20 【めあくあ俄罗斯方块+tetris】 あなたとあたしで合体したい。それだけなの。
02.19 【线下活动预告】 【ご報告】いつも応援していただいてる皆様へ。私なんかがごめんなさい。
02.14 【大姐联动恐怖游戏】 ホラーゲーム押し付けるとかいうクソ仕様ｗｗｗｗｗ
02.08 【めあくあMC】 湊あくあを火打石を駆使して炎上させたい
02.08 【突击】 朝から子供の泣き声に起こされてN〇Kに凸された女の末路
02.06 【五小时歌回】 日頃の感謝を込めて・・・ってそんなのないけどなｗ